<?xml version="1.0" encoding="utf-8"?><testsuites name="pytest tests"><testsuite name="pytest" errors="0" failures="2" skipped="0" tests="13" time="3.187" timestamp="2026-02-18T17:53:25.780368+00:00" hostname="agent-env-590df5b0-1ef2-45d3-9a14-4a34dc69245b"><testcase classname="backend.tests.test_auth_api.TestHealthCheck" name="test_health_endpoint" time="0.185" /><testcase classname="backend.tests.test_auth_api.TestAuthLogin" name="test_login_success" time="0.378" /><testcase classname="backend.tests.test_auth_api.TestAuthLogin" name="test_login_invalid_email" time="0.145" /><testcase classname="backend.tests.test_auth_api.TestAuthLogin" name="test_login_invalid_password" time="0.361" /><testcase classname="backend.tests.test_auth_api.TestAuthRegister" name="test_register_duplicate_email" time="0.167" /><testcase classname="backend.tests.test_auth_api.TestUserProfile" name="test_get_current_user_authenticated" time="0.491" /><testcase classname="backend.tests.test_auth_api.TestUserProfile" name="test_get_current_user_no_token" time="0.174"><failure message="assert 403 == 401&#10; +  where 403 = &lt;Response [403]&gt;.status_code">backend/tests/test_auth_api.py:121: in test_get_current_user_no_token
    assert response.status_code == 401
E   assert 403 == 401
E    +  where 403 = &lt;Response [403]&gt;.status_code</failure></testcase><testcase classname="backend.tests.test_auth_api.TestUserProfile" name="test_get_current_user_invalid_token" time="0.134" /><testcase classname="backend.tests.test_auth_api.TestEventsAPI" name="test_get_all_events" time="0.134" /><testcase classname="backend.tests.test_auth_api.TestEventsAPI" name="test_get_events_by_type" time="0.205" /><testcase classname="backend.tests.test_auth_api.TestRegistrationsAPI" name="test_get_my_registrations_authenticated" time="0.450" /><testcase classname="backend.tests.test_auth_api.TestRegistrationsAPI" name="test_get_my_registrations_no_token" time="0.104"><failure message="assert 403 == 401&#10; +  where 403 = &lt;Response [403]&gt;.status_code">backend/tests/test_auth_api.py:188: in test_get_my_registrations_no_token
    assert response.status_code == 401
E   assert 403 == 401
E    +  where 403 = &lt;Response [403]&gt;.status_code</failure></testcase><testcase classname="backend.tests.test_auth_api.TestStatsAPI" name="test_get_stats" time="0.174" /></testsuite></testsuites>