<?xml version="1.0" encoding="utf-8"?><testsuites name="pytest tests"><testsuite name="pytest" errors="0" failures="0" skipped="0" tests="13" time="3.202" timestamp="2026-02-18T17:53:41.959121+00:00" hostname="agent-env-590df5b0-1ef2-45d3-9a14-4a34dc69245b"><testcase classname="backend.tests.test_auth_api.TestHealthCheck" name="test_health_endpoint" time="0.236" /><testcase classname="backend.tests.test_auth_api.TestAuthLogin" name="test_login_success" time="0.396" /><testcase classname="backend.tests.test_auth_api.TestAuthLogin" name="test_login_invalid_email" time="0.149" /><testcase classname="backend.tests.test_auth_api.TestAuthLogin" name="test_login_invalid_password" time="0.345" /><testcase classname="backend.tests.test_auth_api.TestAuthRegister" name="test_register_duplicate_email" time="0.138" /><testcase classname="backend.tests.test_auth_api.TestUserProfile" name="test_get_current_user_authenticated" time="0.524" /><testcase classname="backend.tests.test_auth_api.TestUserProfile" name="test_get_current_user_no_token" time="0.169" /><testcase classname="backend.tests.test_auth_api.TestUserProfile" name="test_get_current_user_invalid_token" time="0.131" /><testcase classname="backend.tests.test_auth_api.TestEventsAPI" name="test_get_all_events" time="0.114" /><testcase classname="backend.tests.test_auth_api.TestEventsAPI" name="test_get_events_by_type" time="0.129" /><testcase classname="backend.tests.test_auth_api.TestRegistrationsAPI" name="test_get_my_registrations_authenticated" time="0.562" /><testcase classname="backend.tests.test_auth_api.TestRegistrationsAPI" name="test_get_my_registrations_no_token" time="0.124" /><testcase classname="backend.tests.test_auth_api.TestStatsAPI" name="test_get_stats" time="0.123" /></testsuite></testsuites>